# JRE version: OpenJDK Runtime Environment (21.0.9+8) (build 21.0.9-ea+8-Ubuntu-1)
# Java VM: OpenJDK 64-Bit Server VM (21.0.9-ea+8-Ubuntu-1, mixed mode, sharing, tiered, compressed oops, compressed class ptrs, parallel gc, linux-amd64)
GC Precious Log:
 CardTable entry size: 512
 CPUs: 8 total, 8 available
 Memory: 15286M
 Large Page Support: Disabled
 NUMA Support: Disabled
 Compressed Oops: Enabled (32-bit)
 Alignments: Space 512K, Generation 512K, Heap 2M
 Heap Min Capacity: 100M
 Heap Initial Capacity: 100M
 Heap Max Capacity: 2G
 Pre-touch: Disabled
 Parallel Workers: 8
Heap:
 PSYoungGen      total 51712K, used 51328K [0x00000000d5580000, 0x00000000db180000, 0x0000000100000000)
  eden space 49152K, 100% used [0x00000000d5580000,0x00000000d8580000,0x00000000d8580000)
  from space 2560K, 85% used [0x00000000dae00000,0x00000000db020000,0x00000000db080000)
  to   space 1024K, 0% used [0x00000000db080000,0x00000000db080000,0x00000000db180000)
 ParOldGen       total 1396224K, used 1395983K [0x0000000080000000, 0x00000000d5380000, 0x00000000d5580000)
  object space 1396224K, 99% used [0x0000000080000000,0x00000000d5343f70,0x00000000d5380000)
 Metaspace       used 59354K, committed 60416K, reserved 1114112K
  class space    used 6283K, committed 6720K, reserved 1048576K
GC Heap History (20 events):
Event: 698,124 GC heap after
{Heap after GC invocations=2851 (full 11):
 PSYoungGen      total 65024K, used 512K [0x00000000d5580000, 0x00000000db780000, 0x0000000100000000)
  eden space 64512K, 0% used [0x00000000d5580000,0x00000000d5580000,0x00000000d9480000)
  from space 512K, 100% used [0x00000000db700000,0x00000000db780000,0x00000000db780000)
  to   space 3072K, 0% used [0x00000000db180000,0x00000000db180000,0x00000000db480000)
 ParOldGen       total 1379840K, used 1379775K [0x0000000080000000, 0x00000000d4380000, 0x00000000d5580000)
  object space 1379840K, 99% used [0x0000000080000000,0x00000000d436ff70,0x00000000d4380000)
 Metaspace       used 59354K, committed 60416K, reserved 1114112K
  class space    used 6283K, committed 6720K, reserved 1048576K
}
Event: 698,659 GC heap before
{Heap before GC invocations=2852 (full 11):
 PSYoungGen      total 65024K, used 65024K [0x00000000d5580000, 0x00000000db780000, 0x0000000100000000)
  eden space 64512K, 100% used [0x00000000d5580000,0x00000000d9480000,0x00000000d9480000)
  from space 512K, 100% used [0x00000000db700000,0x00000000db780000,0x00000000db780000)
  to   space 3072K, 0% used [0x00000000db180000,0x00000000db180000,0x00000000db480000)
 ParOldGen       total 1379840K, used 1379775K [0x0000000080000000, 0x00000000d4380000, 0x00000000d5580000)
  object space 1379840K, 99% used [0x0000000080000000,0x00000000d436ff70,0x00000000d4380000)
 Metaspace       used 59354K, committed 60416K, reserved 1114112K
  class space    used 6283K, committed 6720K, reserved 1048576K
}
Event: 698,676 GC heap after
{Heap after GC invocations=2852 (full 11):
 PSYoungGen      total 65536K, used 3072K [0x00000000d5580000, 0x00000000db780000, 0x0000000100000000)
  eden space 62464K, 0% used [0x00000000d5580000,0x00000000d5580000,0x00000000d9280000)
  from space 3072K, 100% used [0x00000000db180000,0x00000000db480000,0x00000000db480000)
  to   space 3072K, 0% used [0x00000000db480000,0x00000000db480000,0x00000000db780000)
 ParOldGen       total 1380864K, used 1380439K [0x0000000080000000, 0x00000000d4480000, 0x00000000d5580000)
  object space 1380864K, 99% used [0x0000000080000000,0x00000000d4415f70,0x00000000d4480000)
 Metaspace       used 59354K, committed 60416K, reserved 1114112K
  class space    used 6283K, committed 6720K, reserved 1048576K
}
Event: 698,921 GC heap before
{Heap before GC invocations=2853 (full 11):
 PSYoungGen      total 65536K, used 65536K [0x00000000d5580000, 0x00000000db780000, 0x0000000100000000)
  eden space 62464K, 100% used [0x00000000d5580000,0x00000000d9280000,0x00000000d9280000)
  from space 3072K, 100% used [0x00000000db180000,0x00000000db480000,0x00000000db480000)
  to   space 3072K, 0% used [0x00000000db480000,0x00000000db480000,0x00000000db780000)
 ParOldGen       total 1380864K, used 1380439K [0x0000000080000000, 0x00000000d4480000, 0x00000000d5580000)
  object space 1380864K, 99% used [0x0000000080000000,0x00000000d4415f70,0x00000000d4480000)
 Metaspace       used 59354K, committed 60416K, reserved 1114112K
  class space    used 6283K, committed 6720K, reserved 1048576K
}
Event: 698,941 GC heap after
{Heap after GC invocations=2853 (full 11):
 PSYoungGen      total 61440K, used 800K [0x00000000d5580000, 0x00000000db580000, 0x0000000100000000)
  eden space 60416K, 0% used [0x00000000d5580000,0x00000000d5580000,0x00000000d9080000)
  from space 1024K, 78% used [0x00000000db480000,0x00000000db548000,0x00000000db580000)
  to   space 2048K, 0% used [0x00000000db180000,0x00000000db180000,0x00000000db380000)
 ParOldGen       total 1383936K, used 1383487K [0x0000000080000000, 0x00000000d4780000, 0x00000000d5580000)
  object space 1383936K, 99% used [0x0000000080000000,0x00000000d470ff70,0x00000000d4780000)
 Metaspace       used 59354K, committed 60416K, reserved 1114112K
  class space    used 6283K, committed 6720K, reserved 1048576K
}
Event: 699,114 GC heap before
{Heap before GC invocations=2854 (full 11):
 PSYoungGen      total 61440K, used 61216K [0x00000000d5580000, 0x00000000db580000, 0x0000000100000000)
  eden space 60416K, 100% used [0x00000000d5580000,0x00000000d9080000,0x00000000d9080000)
  from space 1024K, 78% used [0x00000000db480000,0x00000000db548000,0x00000000db580000)
  to   space 2048K, 0% used [0x00000000db180000,0x00000000db180000,0x00000000db380000)
 ParOldGen       total 1383936K, used 1383487K [0x0000000080000000, 0x00000000d4780000, 0x00000000d5580000)
  object space 1383936K, 99% used [0x0000000080000000,0x00000000d470ff70,0x00000000d4780000)
 Metaspace       used 59354K, committed 60416K, reserved 1114112K
  class space    used 6283K, committed 6720K, reserved 1048576K
}
Event: 699,133 GC heap after
{Heap after GC invocations=2854 (full 11):
 PSYoungGen      total 60416K, used 768K [0x00000000d5580000, 0x00000000db500000, 0x0000000100000000)
  eden space 58368K, 0% used [0x00000000d5580000,0x00000000d5580000,0x00000000d8e80000)
  from space 2048K, 37% used [0x00000000db180000,0x00000000db240000,0x00000000db380000)
  to   space 1024K, 0% used [0x00000000db400000,0x00000000db400000,0x00000000db500000)
 ParOldGen       total 1384448K, used 1384271K [0x0000000080000000, 0x00000000d4800000, 0x00000000d5580000)
  object space 1384448K, 99% used [0x0000000080000000,0x00000000d47d3f70,0x00000000d4800000)
 Metaspace       used 59354K, committed 60416K, reserved 1114112K
  class space    used 6283K, committed 6720K, reserved 1048576K
}
Event: 699,302 GC heap before
{Heap before GC invocations=2855 (full 11):
 PSYoungGen      total 60416K, used 59136K [0x00000000d5580000, 0x00000000db500000, 0x0000000100000000)
  eden space 58368K, 100% used [0x00000000d5580000,0x00000000d8e80000,0x00000000d8e80000)
  from space 2048K, 37% used [0x00000000db180000,0x00000000db240000,0x00000000db380000)
  to   space 1024K, 0% used [0x00000000db400000,0x00000000db400000,0x00000000db500000)
 ParOldGen       total 1384448K, used 1384271K [0x0000000080000000, 0x00000000d4800000, 0x00000000d5580000)
  object space 1384448K, 99% used [0x0000000080000000,0x00000000d47d3f70,0x00000000d4800000)
 Metaspace       used 59354K, committed 60416K, reserved 1114112K
  class space    used 6283K, committed 6720K, reserved 1048576K
}
Event: 699,320 GC heap after
{Heap after GC invocations=2855 (full 11):
 PSYoungGen      total 57856K, used 768K [0x00000000d5580000, 0x00000000db500000, 0x0000000100000000)
  eden space 56832K, 0% used [0x00000000d5580000,0x00000000d5580000,0x00000000d8d00000)
  from space 1024K, 75% used [0x00000000db400000,0x00000000db4c0000,0x00000000db500000)
  to   space 1024K, 0% used [0x00000000db300000,0x00000000db300000,0x00000000db400000)
 ParOldGen       total 1385472K, used 1385023K [0x0000000080000000, 0x00000000d4900000, 0x00000000d5580000)
  object space 1385472K, 99% used [0x0000000080000000,0x00000000d488ff70,0x00000000d4900000)
 Metaspace       used 59354K, committed 60416K, reserved 1114112K
  class space    used 6283K, committed 6720K, reserved 1048576K
}
Event: 699,496 GC heap before
{Heap before GC invocations=2856 (full 11):
 PSYoungGen      total 57856K, used 57600K [0x00000000d5580000, 0x00000000db500000, 0x0000000100000000)
  eden space 56832K, 100% used [0x00000000d5580000,0x00000000d8d00000,0x00000000d8d00000)
  from space 1024K, 75% used [0x00000000db400000,0x00000000db4c0000,0x00000000db500000)
  to   space 1024K, 0% used [0x00000000db300000,0x00000000db300000,0x00000000db400000)
 ParOldGen       total 1385472K, used 1385023K [0x0000000080000000, 0x00000000d4900000, 0x00000000d5580000)
  object space 1385472K, 99% used [0x0000000080000000,0x00000000d488ff70,0x00000000d4900000)
 Metaspace       used 59354K, committed 60416K, reserved 1114112K
  class space    used 6283K, committed 6720K, reserved 1048576K
}
Event: 699,519 GC heap after
{Heap after GC invocations=2856 (full 11):
 PSYoungGen      total 56320K, used 1024K [0x00000000d5580000, 0x00000000db480000, 0x0000000100000000)
  eden space 55296K, 0% used [0x00000000d5580000,0x00000000d5580000,0x00000000d8b80000)
  from space 1024K, 100% used [0x00000000db300000,0x00000000db400000,0x00000000db400000)
  to   space 512K, 0% used [0x00000000db400000,0x00000000db400000,0x00000000db480000)
 ParOldGen       total 1387008K, used 1386991K [0x0000000080000000, 0x00000000d4a80000, 0x00000000d5580000)
  object space 1387008K, 99% used [0x0000000080000000,0x00000000d4a7bf70,0x00000000d4a80000)
 Metaspace       used 59354K, committed 60416K, reserved 1114112K
  class space    used 6283K, committed 6720K, reserved 1048576K
}
Event: 699,656 GC heap before
{Heap before GC invocations=2857 (full 11):
 PSYoungGen      total 56320K, used 56320K [0x00000000d5580000, 0x00000000db480000, 0x0000000100000000)
  eden space 55296K, 100% used [0x00000000d5580000,0x00000000d8b80000,0x00000000d8b80000)
  from space 1024K, 100% used [0x00000000db300000,0x00000000db400000,0x00000000db400000)
  to   space 512K, 0% used [0x00000000db400000,0x00000000db400000,0x00000000db480000)
 ParOldGen       total 1387008K, used 1386991K [0x0000000080000000, 0x00000000d4a80000, 0x00000000d5580000)
  object space 1387008K, 99% used [0x0000000080000000,0x00000000d4a7bf70,0x00000000d4a80000)
 Metaspace       used 59354K, committed 60416K, reserved 1114112K
  class space    used 6283K, committed 6720K, reserved 1048576K
}
Event: 699,671 GC heap after
{Heap after GC invocations=2857 (full 11):
 PSYoungGen      total 54272K, used 512K [0x00000000d5580000, 0x00000000db480000, 0x0000000100000000)
  eden space 53760K, 0% used [0x00000000d5580000,0x00000000d5580000,0x00000000d8a00000)
  from space 512K, 100% used [0x00000000db400000,0x00000000db480000,0x00000000db480000)
  to   space 4096K, 0% used [0x00000000dac80000,0x00000000dac80000,0x00000000db080000)
 ParOldGen       total 1390592K, used 1390167K [0x0000000080000000, 0x00000000d4e00000, 0x00000000d5580000)
  object space 1390592K, 99% used [0x0000000080000000,0x00000000d4d95f70,0x00000000d4e00000)
 Metaspace       used 59354K, committed 60416K, reserved 1114112K
  class space    used 6283K, committed 6720K, reserved 1048576K
}
Event: 699,812 GC heap before
{Heap before GC invocations=2858 (full 11):
 PSYoungGen      total 54272K, used 54272K [0x00000000d5580000, 0x00000000db480000, 0x0000000100000000)
  eden space 53760K, 100% used [0x00000000d5580000,0x00000000d8a00000,0x00000000d8a00000)
  from space 512K, 100% used [0x00000000db400000,0x00000000db480000,0x00000000db480000)
  to   space 4096K, 0% used [0x00000000dac80000,0x00000000dac80000,0x00000000db080000)
 ParOldGen       total 1390592K, used 1390167K [0x0000000080000000, 0x00000000d4e00000, 0x00000000d5580000)
  object space 1390592K, 99% used [0x0000000080000000,0x00000000d4d95f70,0x00000000d4e00000)
 Metaspace       used 59354K, committed 60416K, reserved 1114112K
  class space    used 6283K, committed 6720K, reserved 1048576K
}
Event: 699,832 GC heap after
{Heap after GC invocations=2858 (full 11):
 PSYoungGen      total 56320K, used 2752K [0x00000000d5580000, 0x00000000db480000, 0x0000000100000000)
  eden space 52224K, 0% used [0x00000000d5580000,0x00000000d5580000,0x00000000d8880000)
  from space 4096K, 67% used [0x00000000dac80000,0x00000000daf30000,0x00000000db080000)
  to   space 3584K, 0% used [0x00000000db100000,0x00000000db100000,0x00000000db480000)
 ParOldGen       total 1391104K, used 1390703K [0x0000000080000000, 0x00000000d4e80000, 0x00000000d5580000)
  object space 1391104K, 99% used [0x0000000080000000,0x00000000d4e1bf70,0x00000000d4e80000)
 Metaspace       used 59354K, committed 60416K, reserved 1114112K
  class space    used 6283K, committed 6720K, reserved 1048576K
}
Event: 700,008 GC heap before
{Heap before GC invocations=2859 (full 11):
 PSYoungGen      total 56320K, used 54976K [0x00000000d5580000, 0x00000000db480000, 0x0000000100000000)
  eden space 52224K, 100% used [0x00000000d5580000,0x00000000d8880000,0x00000000d8880000)
  from space 4096K, 67% used [0x00000000dac80000,0x00000000daf30000,0x00000000db080000)
  to   space 3584K, 0% used [0x00000000db100000,0x00000000db100000,0x00000000db480000)
 ParOldGen       total 1391104K, used 1390703K [0x0000000080000000, 0x00000000d4e80000, 0x00000000d5580000)
  object space 1391104K, 99% used [0x0000000080000000,0x00000000d4e1bf70,0x00000000d4e80000)
 Metaspace       used 59354K, committed 60416K, reserved 1114112K
  class space    used 6283K, committed 6720K, reserved 1048576K
}
Event: 700,034 GC heap after
{Heap after GC invocations=2859 (full 11):
 PSYoungGen      total 53760K, used 2688K [0x00000000d5580000, 0x00000000db400000, 0x0000000100000000)
  eden space 50688K, 0% used [0x00000000d5580000,0x00000000d5580000,0x00000000d8700000)
  from space 3072K, 87% used [0x00000000db100000,0x00000000db3a0000,0x00000000db400000)
  to   space 3072K, 0% used [0x00000000dae00000,0x00000000dae00000,0x00000000db100000)
 ParOldGen       total 1393664K, used 1393407K [0x0000000080000000, 0x00000000d5100000, 0x00000000d5580000)
  object space 1393664K, 99% used [0x0000000080000000,0x00000000d50bff70,0x00000000d5100000)
 Metaspace       used 59354K, committed 60416K, reserved 1114112K
  class space    used 6283K, committed 6720K, reserved 1048576K
}
Event: 700,120 GC heap before
{Heap before GC invocations=2860 (full 11):
 PSYoungGen      total 53760K, used 53376K [0x00000000d5580000, 0x00000000db400000, 0x0000000100000000)
  eden space 50688K, 100% used [0x00000000d5580000,0x00000000d8700000,0x00000000d8700000)
  from space 3072K, 87% used [0x00000000db100000,0x00000000db3a0000,0x00000000db400000)
  to   space 3072K, 0% used [0x00000000dae00000,0x00000000dae00000,0x00000000db100000)
 ParOldGen       total 1393664K, used 1393407K [0x0000000080000000, 0x00000000d5100000, 0x00000000d5580000)
  object space 1393664K, 99% used [0x0000000080000000,0x00000000d50bff70,0x00000000d5100000)
 Metaspace       used 59354K, committed 60416K, reserved 1114112K
  class space    used 6283K, committed 6720K, reserved 1048576K
}
Event: 700,148 GC heap after
{Heap after GC invocations=2860 (full 11):
 PSYoungGen      total 51712K, used 2176K [0x00000000d5580000, 0x00000000db180000, 0x0000000100000000)
  eden space 49152K, 0% used [0x00000000d5580000,0x00000000d5580000,0x00000000d8580000)
  from space 2560K, 85% used [0x00000000dae00000,0x00000000db020000,0x00000000db080000)
  to   space 1024K, 0% used [0x00000000db080000,0x00000000db080000,0x00000000db180000)
 ParOldGen       total 1396224K, used 1395983K [0x0000000080000000, 0x00000000d5380000, 0x00000000d5580000)
  object space 1396224K, 99% used [0x0000000080000000,0x00000000d5343f70,0x00000000d5380000)
 Metaspace       used 59354K, committed 60416K, reserved 1114112K
  class space    used 6283K, committed 6720K, reserved 1048576K
}
Event: 700,188 GC heap before
{Heap before GC invocations=2861 (full 12):
 PSYoungGen      total 51712K, used 51328K [0x00000000d5580000, 0x00000000db180000, 0x0000000100000000)
  eden space 49152K, 100% used [0x00000000d5580000,0x00000000d8580000,0x00000000d8580000)
  from space 2560K, 85% used [0x00000000dae00000,0x00000000db020000,0x00000000db080000)
  to   space 1024K, 0% used [0x00000000db080000,0x00000000db080000,0x00000000db180000)
 ParOldGen       total 1396224K, used 1395983K [0x0000000080000000, 0x00000000d5380000, 0x00000000d5580000)
  object space 1396224K, 99% used [0x0000000080000000,0x00000000d5343f70,0x00000000d5380000)
 Metaspace       used 59354K, committed 60416K, reserved 1114112K
  class space    used 6283K, committed 6720K, reserved 1048576K
}

