# JRE version: OpenJDK Runtime Environment (21.0.9+8) (build 21.0.9-ea+8-Ubuntu-1)
# Java VM: OpenJDK 64-Bit Server VM (21.0.9-ea+8-Ubuntu-1, mixed mode, sharing, tiered, compressed oops, compressed class ptrs, parallel gc, linux-amd64)
GC Precious Log:
 CardTable entry size: 512
 CPUs: 8 total, 8 available
 Memory: 15286M
 Large Page Support: Disabled
 NUMA Support: Disabled
 Compressed Oops: Enabled (32-bit)
 Alignments: Space 512K, Generation 512K, Heap 2M
 Heap Min Capacity: 100M
 Heap Initial Capacity: 100M
 Heap Max Capacity: 2G
 Pre-touch: Disabled
 Parallel Workers: 8
Heap:
 PSYoungGen      total 296960K, used 217088K [0x00000000d5580000, 0x00000000ed100000, 0x0000000100000000)
  eden space 217088K, 100% used [0x00000000d5580000,0x00000000e2980000,0x00000000e2980000)
  from space 79872K, 0% used [0x00000000e7a00000,0x00000000e7a00000,0x00000000ec800000)
  to   space 82432K, 0% used [0x00000000e2980000,0x00000000e2980000,0x00000000e7a00000)
 ParOldGen       total 1398272K, used 1398198K [0x0000000080000000, 0x00000000d5580000, 0x00000000d5580000)
  object space 1398272K, 99% used [0x0000000080000000,0x00000000d556d8e8,0x00000000d5580000)
 Metaspace       used 31822K, committed 32704K, reserved 1114112K
  class space    used 3054K, committed 3456K, reserved 1048576K
GC Heap History (20 events):
Event: 2256,139 GC heap after
{Heap after GC invocations=3660 (full 566):
 PSYoungGen      total 299520K, used 215234K [0x00000000d5580000, 0x00000000ed100000, 0x0000000100000000)
  eden space 217088K, 99% used [0x00000000d5580000,0x00000000e27b0af0,0x00000000e2980000)
  from space 82432K, 0% used [0x00000000e2980000,0x00000000e2980000,0x00000000e7a00000)
  to   space 79872K, 0% used [0x00000000e7a00000,0x00000000e7a00000,0x00000000ec800000)
 ParOldGen       total 1398272K, used 1398198K [0x0000000080000000, 0x00000000d5580000, 0x00000000d5580000)
  object space 1398272K, 99% used [0x0000000080000000,0x00000000d556d970,0x00000000d5580000)
 Metaspace       used 31822K, committed 32704K, reserved 1114112K
  class space    used 3054K, committed 3456K, reserved 1048576K
}
Event: 2256,142 GC heap before
{Heap before GC invocations=3661 (full 567):
 PSYoungGen      total 299520K, used 217088K [0x00000000d5580000, 0x00000000ed100000, 0x0000000100000000)
  eden space 217088K, 100% used [0x00000000d5580000,0x00000000e2980000,0x00000000e2980000)
  from space 82432K, 0% used [0x00000000e2980000,0x00000000e2980000,0x00000000e7a00000)
  to   space 79872K, 0% used [0x00000000e7a00000,0x00000000e7a00000,0x00000000ec800000)
 ParOldGen       total 1398272K, used 1398198K [0x0000000080000000, 0x00000000d5580000, 0x00000000d5580000)
  object space 1398272K, 99% used [0x0000000080000000,0x00000000d556d970,0x00000000d5580000)
 Metaspace       used 31822K, committed 32704K, reserved 1114112K
  class space    used 3054K, committed 3456K, reserved 1048576K
}
Event: 2259,556 GC heap after
{Heap after GC invocations=3661 (full 567):
 PSYoungGen      total 296960K, used 215258K [0x00000000d5580000, 0x00000000ed100000, 0x0000000100000000)
  eden space 217088K, 99% used [0x00000000d5580000,0x00000000e27b6960,0x00000000e2980000)
  from space 79872K, 0% used [0x00000000e7a00000,0x00000000e7a00000,0x00000000ec800000)
  to   space 82432K, 0% used [0x00000000e2980000,0x00000000e2980000,0x00000000e7a00000)
 ParOldGen       total 1398272K, used 1398198K [0x0000000080000000, 0x00000000d5580000, 0x00000000d5580000)
  object space 1398272K, 99% used [0x0000000080000000,0x00000000d556d970,0x00000000d5580000)
 Metaspace       used 31822K, committed 32704K, reserved 1114112K
  class space    used 3054K, committed 3456K, reserved 1048576K
}
Event: 2259,575 GC heap before
{Heap before GC invocations=3662 (full 568):
 PSYoungGen      total 296960K, used 217088K [0x00000000d5580000, 0x00000000ed100000, 0x0000000100000000)
  eden space 217088K, 100% used [0x00000000d5580000,0x00000000e2980000,0x00000000e2980000)
  from space 79872K, 0% used [0x00000000e7a00000,0x00000000e7a00000,0x00000000ec800000)
  to   space 82432K, 0% used [0x00000000e2980000,0x00000000e2980000,0x00000000e7a00000)
 ParOldGen       total 1398272K, used 1398198K [0x0000000080000000, 0x00000000d5580000, 0x00000000d5580000)
  object space 1398272K, 99% used [0x0000000080000000,0x00000000d556d970,0x00000000d5580000)
 Metaspace       used 31822K, committed 32704K, reserved 1114112K
  class space    used 3054K, committed 3456K, reserved 1048576K
}
Event: 2262,767 GC heap after
{Heap after GC invocations=3662 (full 568):
 PSYoungGen      total 299520K, used 215279K [0x00000000d5580000, 0x00000000ed100000, 0x0000000100000000)
  eden space 217088K, 99% used [0x00000000d5580000,0x00000000e27bbe40,0x00000000e2980000)
  from space 82432K, 0% used [0x00000000e2980000,0x00000000e2980000,0x00000000e7a00000)
  to   space 79872K, 0% used [0x00000000e7a00000,0x00000000e7a00000,0x00000000ec800000)
 ParOldGen       total 1398272K, used 1398198K [0x0000000080000000, 0x00000000d5580000, 0x00000000d5580000)
  object space 1398272K, 99% used [0x0000000080000000,0x00000000d556d970,0x00000000d5580000)
 Metaspace       used 31822K, committed 32704K, reserved 1114112K
  class space    used 3054K, committed 3456K, reserved 1048576K
}
Event: 2262,772 GC heap before
{Heap before GC invocations=3663 (full 569):
 PSYoungGen      total 299520K, used 217080K [0x00000000d5580000, 0x00000000ed100000, 0x0000000100000000)
  eden space 217088K, 99% used [0x00000000d5580000,0x00000000e297e300,0x00000000e2980000)
  from space 82432K, 0% used [0x00000000e2980000,0x00000000e2980000,0x00000000e7a00000)
  to   space 79872K, 0% used [0x00000000e7a00000,0x00000000e7a00000,0x00000000ec800000)
 ParOldGen       total 1398272K, used 1398198K [0x0000000080000000, 0x00000000d5580000, 0x00000000d5580000)
  object space 1398272K, 99% used [0x0000000080000000,0x00000000d556d970,0x00000000d5580000)
 Metaspace       used 31822K, committed 32704K, reserved 1114112K
  class space    used 3054K, committed 3456K, reserved 1048576K
}
Event: 2264,934 GC heap after
{Heap after GC invocations=3663 (full 569):
 PSYoungGen      total 296960K, used 215301K [0x00000000d5580000, 0x00000000ed100000, 0x0000000100000000)
  eden space 217088K, 99% used [0x00000000d5580000,0x00000000e27c14b0,0x00000000e2980000)
  from space 79872K, 0% used [0x00000000e7a00000,0x00000000e7a00000,0x00000000ec800000)
  to   space 82432K, 0% used [0x00000000e2980000,0x00000000e2980000,0x00000000e7a00000)
 ParOldGen       total 1398272K, used 1398198K [0x0000000080000000, 0x00000000d5580000, 0x00000000d5580000)
  object space 1398272K, 99% used [0x0000000080000000,0x00000000d556d970,0x00000000d5580000)
 Metaspace       used 31822K, committed 32704K, reserved 1114112K
  class space    used 3054K, committed 3456K, reserved 1048576K
}
Event: 2264,936 GC heap before
{Heap before GC invocations=3664 (full 570):
 PSYoungGen      total 296960K, used 217088K [0x00000000d5580000, 0x00000000ed100000, 0x0000000100000000)
  eden space 217088K, 100% used [0x00000000d5580000,0x00000000e2980000,0x00000000e2980000)
  from space 79872K, 0% used [0x00000000e7a00000,0x00000000e7a00000,0x00000000ec800000)
  to   space 82432K, 0% used [0x00000000e2980000,0x00000000e2980000,0x00000000e7a00000)
 ParOldGen       total 1398272K, used 1398198K [0x0000000080000000, 0x00000000d5580000, 0x00000000d5580000)
  object space 1398272K, 99% used [0x0000000080000000,0x00000000d556d970,0x00000000d5580000)
 Metaspace       used 31822K, committed 32704K, reserved 1114112K
  class space    used 3054K, committed 3456K, reserved 1048576K
}
Event: 2267,007 GC heap after
{Heap after GC invocations=3664 (full 570):
 PSYoungGen      total 299520K, used 215320K [0x00000000d5580000, 0x00000000ed100000, 0x0000000100000000)
  eden space 217088K, 99% used [0x00000000d5580000,0x00000000e27c6310,0x00000000e2980000)
  from space 82432K, 0% used [0x00000000e2980000,0x00000000e2980000,0x00000000e7a00000)
  to   space 79872K, 0% used [0x00000000e7a00000,0x00000000e7a00000,0x00000000ec800000)
 ParOldGen       total 1398272K, used 1398198K [0x0000000080000000, 0x00000000d5580000, 0x00000000d5580000)
  object space 1398272K, 99% used [0x0000000080000000,0x00000000d556d970,0x00000000d5580000)
 Metaspace       used 31822K, committed 32704K, reserved 1114112K
  class space    used 3054K, committed 3456K, reserved 1048576K
}
Event: 2267,013 GC heap before
{Heap before GC invocations=3665 (full 571):
 PSYoungGen      total 299520K, used 217088K [0x00000000d5580000, 0x00000000ed100000, 0x0000000100000000)
  eden space 217088K, 100% used [0x00000000d5580000,0x00000000e2980000,0x00000000e2980000)
  from space 82432K, 0% used [0x00000000e2980000,0x00000000e2980000,0x00000000e7a00000)
  to   space 79872K, 0% used [0x00000000e7a00000,0x00000000e7a00000,0x00000000ec800000)
 ParOldGen       total 1398272K, used 1398198K [0x0000000080000000, 0x00000000d5580000, 0x00000000d5580000)
  object space 1398272K, 99% used [0x0000000080000000,0x00000000d556d970,0x00000000d5580000)
 Metaspace       used 31822K, committed 32704K, reserved 1114112K
  class space    used 3054K, committed 3456K, reserved 1048576K
}
Event: 2270,194 GC heap after
{Heap after GC invocations=3665 (full 571):
 PSYoungGen      total 296960K, used 215339K [0x00000000d5580000, 0x00000000ed100000, 0x0000000100000000)
  eden space 217088K, 99% used [0x00000000d5580000,0x00000000e27cae30,0x00000000e2980000)
  from space 79872K, 0% used [0x00000000e7a00000,0x00000000e7a00000,0x00000000ec800000)
  to   space 82432K, 0% used [0x00000000e2980000,0x00000000e2980000,0x00000000e7a00000)
 ParOldGen       total 1398272K, used 1398198K [0x0000000080000000, 0x00000000d5580000, 0x00000000d5580000)
  object space 1398272K, 99% used [0x0000000080000000,0x00000000d556d970,0x00000000d5580000)
 Metaspace       used 31822K, committed 32704K, reserved 1114112K
  class space    used 3054K, committed 3456K, reserved 1048576K
}
Event: 2270,198 GC heap before
{Heap before GC invocations=3666 (full 572):
 PSYoungGen      total 296960K, used 217088K [0x00000000d5580000, 0x00000000ed100000, 0x0000000100000000)
  eden space 217088K, 100% used [0x00000000d5580000,0x00000000e2980000,0x00000000e2980000)
  from space 79872K, 0% used [0x00000000e7a00000,0x00000000e7a00000,0x00000000ec800000)
  to   space 82432K, 0% used [0x00000000e2980000,0x00000000e2980000,0x00000000e7a00000)
 ParOldGen       total 1398272K, used 1398198K [0x0000000080000000, 0x00000000d5580000, 0x00000000d5580000)
  object space 1398272K, 99% used [0x0000000080000000,0x00000000d556d970,0x00000000d5580000)
 Metaspace       used 31822K, committed 32704K, reserved 1114112K
  class space    used 3054K, committed 3456K, reserved 1048576K
}
Event: 2273,562 GC heap after
{Heap after GC invocations=3666 (full 572):
 PSYoungGen      total 299520K, used 215357K [0x00000000d5580000, 0x00000000ed100000, 0x0000000100000000)
  eden space 217088K, 99% used [0x00000000d5580000,0x00000000e27cf760,0x00000000e2980000)
  from space 82432K, 0% used [0x00000000e2980000,0x00000000e2980000,0x00000000e7a00000)
  to   space 79872K, 0% used [0x00000000e7a00000,0x00000000e7a00000,0x00000000ec800000)
 ParOldGen       total 1398272K, used 1398198K [0x0000000080000000, 0x00000000d5580000, 0x00000000d5580000)
  object space 1398272K, 99% used [0x0000000080000000,0x00000000d556d970,0x00000000d5580000)
 Metaspace       used 31822K, committed 32704K, reserved 1114112K
  class space    used 3054K, committed 3456K, reserved 1048576K
}
Event: 2273,577 GC heap before
{Heap before GC invocations=3667 (full 573):
 PSYoungGen      total 299520K, used 217082K [0x00000000d5580000, 0x00000000ed100000, 0x0000000100000000)
  eden space 217088K, 99% used [0x00000000d5580000,0x00000000e297e918,0x00000000e2980000)
  from space 82432K, 0% used [0x00000000e2980000,0x00000000e2980000,0x00000000e7a00000)
  to   space 79872K, 0% used [0x00000000e7a00000,0x00000000e7a00000,0x00000000ec800000)
 ParOldGen       total 1398272K, used 1398198K [0x0000000080000000, 0x00000000d5580000, 0x00000000d5580000)
  object space 1398272K, 99% used [0x0000000080000000,0x00000000d556d970,0x00000000d5580000)
 Metaspace       used 31822K, committed 32704K, reserved 1114112K
  class space    used 3054K, committed 3456K, reserved 1048576K
}
Event: 2276,618 GC heap after
{Heap after GC invocations=3667 (full 573):
 PSYoungGen      total 296960K, used 215375K [0x00000000d5580000, 0x00000000ed100000, 0x0000000100000000)
  eden space 217088K, 99% used [0x00000000d5580000,0x00000000e27d3c10,0x00000000e2980000)
  from space 79872K, 0% used [0x00000000e7a00000,0x00000000e7a00000,0x00000000ec800000)
  to   space 82432K, 0% used [0x00000000e2980000,0x00000000e2980000,0x00000000e7a00000)
 ParOldGen       total 1398272K, used 1398198K [0x0000000080000000, 0x00000000d5580000, 0x00000000d5580000)
  object space 1398272K, 99% used [0x0000000080000000,0x00000000d556d970,0x00000000d5580000)
 Metaspace       used 31822K, committed 32704K, reserved 1114112K
  class space    used 3054K, committed 3456K, reserved 1048576K
}
Event: 2276,628 GC heap before
{Heap before GC invocations=3668 (full 574):
 PSYoungGen      total 296960K, used 217088K [0x00000000d5580000, 0x00000000ed100000, 0x0000000100000000)
  eden space 217088K, 100% used [0x00000000d5580000,0x00000000e2980000,0x00000000e2980000)
  from space 79872K, 0% used [0x00000000e7a00000,0x00000000e7a00000,0x00000000ec800000)
  to   space 82432K, 0% used [0x00000000e2980000,0x00000000e2980000,0x00000000e7a00000)
 ParOldGen       total 1398272K, used 1398198K [0x0000000080000000, 0x00000000d5580000, 0x00000000d5580000)
  object space 1398272K, 99% used [0x0000000080000000,0x00000000d556d970,0x00000000d5580000)
 Metaspace       used 31822K, committed 32704K, reserved 1114112K
  class space    used 3054K, committed 3456K, reserved 1048576K
}
Event: 2279,616 GC heap after
{Heap after GC invocations=3668 (full 574):
 PSYoungGen      total 299520K, used 215392K [0x00000000d5580000, 0x00000000ed100000, 0x0000000100000000)
  eden space 217088K, 99% used [0x00000000d5580000,0x00000000e27d8000,0x00000000e2980000)
  from space 82432K, 0% used [0x00000000e2980000,0x00000000e2980000,0x00000000e7a00000)
  to   space 79872K, 0% used [0x00000000e7a00000,0x00000000e7a00000,0x00000000ec800000)
 ParOldGen       total 1398272K, used 1398198K [0x0000000080000000, 0x00000000d5580000, 0x00000000d5580000)
  object space 1398272K, 99% used [0x0000000080000000,0x00000000d556d970,0x00000000d5580000)
 Metaspace       used 31822K, committed 32704K, reserved 1114112K
  class space    used 3054K, committed 3456K, reserved 1048576K
}
Event: 2279,650 GC heap before
{Heap before GC invocations=3669 (full 575):
 PSYoungGen      total 299520K, used 217088K [0x00000000d5580000, 0x00000000ed100000, 0x0000000100000000)
  eden space 217088K, 100% used [0x00000000d5580000,0x00000000e2980000,0x00000000e2980000)
  from space 82432K, 0% used [0x00000000e2980000,0x00000000e2980000,0x00000000e7a00000)
  to   space 79872K, 0% used [0x00000000e7a00000,0x00000000e7a00000,0x00000000ec800000)
 ParOldGen       total 1398272K, used 1398198K [0x0000000080000000, 0x00000000d5580000, 0x00000000d5580000)
  object space 1398272K, 99% used [0x0000000080000000,0x00000000d556d970,0x00000000d5580000)
 Metaspace       used 31822K, committed 32704K, reserved 1114112K
  class space    used 3054K, committed 3456K, reserved 1048576K
}
Event: 2283,185 GC heap after
{Heap after GC invocations=3669 (full 575):
 PSYoungGen      total 296960K, used 215407K [0x00000000d5580000, 0x00000000ed100000, 0x0000000100000000)
  eden space 217088K, 99% used [0x00000000d5580000,0x00000000e27dbfa0,0x00000000e2980000)
  from space 79872K, 0% used [0x00000000e7a00000,0x00000000e7a00000,0x00000000ec800000)
  to   space 82432K, 0% used [0x00000000e2980000,0x00000000e2980000,0x00000000e7a00000)
 ParOldGen       total 1398272K, used 1398198K [0x0000000080000000, 0x00000000d5580000, 0x00000000d5580000)
  object space 1398272K, 99% used [0x0000000080000000,0x00000000d556d8e8,0x00000000d5580000)
 Metaspace       used 31822K, committed 32704K, reserved 1114112K
  class space    used 3054K, committed 3456K, reserved 1048576K
}
Event: 2283,190 GC heap before
{Heap before GC invocations=3670 (full 576):
 PSYoungGen      total 296960K, used 217088K [0x00000000d5580000, 0x00000000ed100000, 0x0000000100000000)
  eden space 217088K, 100% used [0x00000000d5580000,0x00000000e2980000,0x00000000e2980000)
  from space 79872K, 0% used [0x00000000e7a00000,0x00000000e7a00000,0x00000000ec800000)
  to   space 82432K, 0% used [0x00000000e2980000,0x00000000e2980000,0x00000000e7a00000)
 ParOldGen       total 1398272K, used 1398198K [0x0000000080000000, 0x00000000d5580000, 0x00000000d5580000)
  object space 1398272K, 99% used [0x0000000080000000,0x00000000d556d8e8,0x00000000d5580000)
 Metaspace       used 31822K, committed 32704K, reserved 1114112K
  class space    used 3054K, committed 3456K, reserved 1048576K
}

